<?xml version="1.0" encoding="UTF-8"?>
<testng-results ignored="4" total="6" passed="2" failed="0" skipped="0">
  <reporter-output>
  </reporter-output>
  <suite started-at="2023-08-31T08:19:47 IST" name="Suite" finished-at="2023-08-31T08:20:35 IST" duration-ms="47999">
    <groups>
    </groups>
    <test started-at="2023-08-31T08:19:47 IST" name="Test" finished-at="2023-08-31T08:20:35 IST" duration-ms="47999">
      <class name="Product.CreateProductTest">
        <test-method is-config="true" signature="beforeSuite()[pri:0, instance:Product.CreateProductTest@1af2d44a]" started-at="2023-08-31T08:19:47 IST" name="beforeSuite" finished-at="2023-08-31T08:19:47 IST" duration-ms="12" status="PASS">
          <reporter-output>
          </reporter-output>
        </test-method> <!-- beforeSuite -->
        <test-method is-config="true" signature="beforeTest()[pri:0, instance:Product.CreateProductTest@1af2d44a]" started-at="2023-08-31T08:19:47 IST" name="beforeTest" finished-at="2023-08-31T08:19:47 IST" duration-ms="0" status="PASS">
          <reporter-output>
          </reporter-output>
        </test-method> <!-- beforeTest -->
        <test-method is-config="true" signature="beforeClass()[pri:0, instance:Product.CreateProductTest@1af2d44a]" started-at="2023-08-31T08:19:47 IST" name="beforeClass" finished-at="2023-08-31T08:19:51 IST" duration-ms="3146" status="PASS">
          <reporter-output>
          </reporter-output>
        </test-method> <!-- beforeClass -->
        <test-method is-config="true" signature="beforeMethod()[pri:0, instance:Product.CreateProductTest@1af2d44a]" started-at="2023-08-31T08:19:51 IST" name="beforeMethod" finished-at="2023-08-31T08:19:55 IST" duration-ms="4568" status="PASS">
          <reporter-output>
          </reporter-output>
        </test-method> <!-- beforeMethod -->
        <test-method signature="createProductTest()[pri:0, instance:Product.CreateProductTest@1af2d44a]" started-at="2023-08-31T08:19:55 IST" name="createProductTest" finished-at="2023-08-31T08:20:13 IST" duration-ms="17613" status="PASS">
          <reporter-output>
          </reporter-output>
        </test-method> <!-- createProductTest -->
        <test-method is-config="true" signature="afterMethod()[pri:0, instance:Product.CreateProductTest@1af2d44a]" started-at="2023-08-31T08:20:13 IST" name="afterMethod" finished-at="2023-08-31T08:20:13 IST" duration-ms="0" status="PASS">
          <reporter-output>
          </reporter-output>
        </test-method> <!-- afterMethod -->
        <test-method is-config="true" signature="afterClass()[pri:0, instance:Product.CreateProductTest@1af2d44a]" started-at="2023-08-31T08:20:13 IST" name="afterClass" finished-at="2023-08-31T08:20:13 IST" duration-ms="210" status="PASS">
          <reporter-output>
          </reporter-output>
        </test-method> <!-- afterClass -->
        <test-method is-config="true" signature="afterTest()[pri:0, instance:Product.CreateProductTest@1af2d44a]" started-at="2023-08-31T08:20:35 IST" name="afterTest" finished-at="2023-08-31T08:20:35 IST" duration-ms="0" status="PASS">
          <reporter-output>
          </reporter-output>
        </test-method> <!-- afterTest -->
        <test-method is-config="true" signature="afterSuite()[pri:0, instance:Product.CreateProductTest@1af2d44a]" started-at="2023-08-31T08:20:36 IST" name="afterSuite" finished-at="2023-08-31T08:20:36 IST" duration-ms="2" status="PASS">
          <reporter-output>
          </reporter-output>
        </test-method> <!-- afterSuite -->
      </class> <!-- Product.CreateProductTest -->
      <class name="Campaigns.CreateCampaignTest">
        <test-method is-config="true" signature="beforeClass()[pri:0, instance:Campaigns.CreateCampaignTest@7c24b813]" started-at="2023-08-31T08:20:13 IST" name="beforeClass" finished-at="2023-08-31T08:20:15 IST" duration-ms="2462" status="PASS">
          <reporter-output>
          </reporter-output>
        </test-method> <!-- beforeClass -->
        <test-method is-config="true" signature="beforeMethod()[pri:0, instance:Campaigns.CreateCampaignTest@7c24b813]" started-at="2023-08-31T08:20:15 IST" name="beforeMethod" finished-at="2023-08-31T08:20:20 IST" duration-ms="4530" status="PASS">
          <reporter-output>
          </reporter-output>
        </test-method> <!-- beforeMethod -->
        <test-method signature="createCampaignTest()[pri:0, instance:Campaigns.CreateCampaignTest@7c24b813]" started-at="2023-08-31T08:20:20 IST" name="createCampaignTest" finished-at="2023-08-31T08:20:35 IST" duration-ms="14870" status="PASS">
          <reporter-output>
          </reporter-output>
        </test-method> <!-- createCampaignTest -->
        <test-method is-config="true" signature="afterMethod()[pri:0, instance:Campaigns.CreateCampaignTest@7c24b813]" started-at="2023-08-31T08:20:35 IST" name="afterMethod" finished-at="2023-08-31T08:20:35 IST" duration-ms="2" status="PASS">
          <reporter-output>
          </reporter-output>
        </test-method> <!-- afterMethod -->
        <test-method is-config="true" signature="afterClass()[pri:0, instance:Campaigns.CreateCampaignTest@7c24b813]" started-at="2023-08-31T08:20:35 IST" name="afterClass" finished-at="2023-08-31T08:20:35 IST" duration-ms="138" status="PASS">
          <reporter-output>
          </reporter-output>
        </test-method> <!-- afterClass -->
      </class> <!-- Campaigns.CreateCampaignTest -->
    </test> <!-- Test -->
  </suite> <!-- Suite -->
</testng-results>
